<?xml version="1.0" encoding="UTF-8"?>
<!-- Generated by org.testng.reporters.JUnitXMLReporter -->
<testsuite ignored="0" hostname="DESKTOP-HNG5JPV" failures="0" tests="5" name="Default test" time="12.051" errors="0" timestamp="2025-12-05T10:39:55 IST">
  <testcase classname="com.FW.HybirdDriven" name="test" time="4.792"/>
  <testcase classname="com.FW.HybirdDriven" name="test" time="2.197"/>
  <testcase classname="com.FW.HybirdDriven" name="test" time="2.069"/>
  <testcase classname="com.FW.HybirdDriven" name="test" time="2.132"/>
  <testcase classname="com.FW.HybirdDriven" name="test" time="0.115"/>
</testsuite> <!-- Default test -->
