<?xml version="1.0" encoding="UTF-8"?>
<testng-results ignored="0" total="1" passed="1" failed="0" skipped="0">
  <reporter-output>
  </reporter-output>
  <suite started-at="2025-12-03T10:49:17 IST" name="Default suite" finished-at="2025-12-03T10:49:49 IST" duration-ms="32228">
    <groups>
    </groups>
    <test started-at="2025-12-03T10:49:17 IST" name="Default test" finished-at="2025-12-03T10:49:49 IST" duration-ms="32228">
      <class name="com.FW.DataDriven">
        <test-method signature="test()[pri:0, instance:com.FW.DataDriven@223d2c72]" started-at="2025-12-03T10:49:17 IST" name="test" finished-at="2025-12-03T10:49:49 IST" duration-ms="32158" status="PASS">
          <reporter-output>
          </reporter-output>
        </test-method> <!-- test -->
      </class> <!-- com.FW.DataDriven -->
    </test> <!-- Default test -->
  </suite> <!-- Default suite -->
</testng-results>
