<?xml version="1.0" encoding="UTF-8"?>
<testng-results ignored="0" total="2" passed="2" failed="0" skipped="0">
  <reporter-output>
  </reporter-output>
  <suite started-at="2025-12-01T09:53:49 IST" name="Default suite" finished-at="2025-12-01T09:54:11 IST" duration-ms="22539">
    <groups>
    </groups>
    <test started-at="2025-12-01T09:53:49 IST" name="Default test" finished-at="2025-12-01T09:54:11 IST" duration-ms="22539">
      <class name="com.testng.TestNGDataProvider">
        <test-method signature="f(java.lang.String,java.lang.String)[pri:0, instance:com.testng.TestNGDataProvider@37afeb11]" started-at="2025-12-01T09:53:49 IST" name="f" data-provider="tanvi" finished-at="2025-12-01T09:54:00 IST" duration-ms="11168" status="PASS">
          <params>
            <param index="0">
              <value>
                <![CDATA[standard_user]]>
              </value>
            </param>
            <param index="1">
              <value>
                <![CDATA[secret_sauce]]>
              </value>
            </param>
          </params>
          <reporter-output>
          </reporter-output>
        </test-method> <!-- f -->
        <test-method signature="f(java.lang.String,java.lang.String)[pri:0, instance:com.testng.TestNGDataProvider@37afeb11]" started-at="2025-12-01T09:54:00 IST" name="f" data-provider="tanvi" finished-at="2025-12-01T09:54:11 IST" duration-ms="11296" status="PASS">
          <params>
            <param index="0">
              <value>
                <![CDATA[problem_user]]>
              </value>
            </param>
            <param index="1">
              <value>
                <![CDATA[secret_sauce]]>
              </value>
            </param>
          </params>
          <reporter-output>
          </reporter-output>
        </test-method> <!-- f -->
      </class> <!-- com.testng.TestNGDataProvider -->
    </test> <!-- Default test -->
  </suite> <!-- Default suite -->
</testng-results>
