<?xml version="1.0" encoding="UTF-8"?>
<!-- Generated by org.testng.reporters.JUnitReportReporter -->
<testsuite hostname="DESKTOP-HNG5JPV" failures="0" tests="4" name="com.testng.TestNGGruop" time="0.025" errors="0" timestamp="2025-11-28T10:58:14 IST" skipped="0">
  <testcase classname="com.testng.TestNGGruop" name="test6" time="0.003"/>
  <testcase classname="com.testng.TestNGGruop" name="test4" time="0.018"/>
  <testcase classname="com.testng.TestNGGruop" name="test5" time="0.002"/>
  <testcase classname="com.testng.TestNGGruop" name="test7" time="0.002"/>
</testsuite> <!-- com.testng.TestNGGruop -->
