<?xml version="1.0" encoding="UTF-8"?>
<!-- Generated by org.testng.reporters.JUnitReportReporter -->
<testsuite hostname="DESKTOP-HNG5JPV" failures="0" tests="5" name="com.testng.TestNgDependsOn" time="10.999" errors="0" timestamp="2025-11-28T10:34:43 IST" skipped="0">
  <testcase classname="com.testng.TestNgDependsOn" name="EnterUsername" time="2.140"/>
  <testcase classname="com.testng.TestNgDependsOn" name="before" time="4.572"/>
  <testcase classname="com.testng.TestNgDependsOn" name="EnterPassword" time="2.064"/>
  <testcase classname="com.testng.TestNgDependsOn" name="ClickLogin" time="2.111"/>
  <testcase classname="com.testng.TestNgDependsOn" name="close" time="0.112"/>
</testsuite> <!-- com.testng.TestNgDependsOn -->
