<?xml version="1.0" encoding="UTF-8"?>
<!-- Generated by org.testng.reporters.JUnitReportReporter -->
<testsuite hostname="DESKTOP-HNG5JPV" failures="0" tests="5" name="com.FW.HybirdDriven" time="11.305" errors="0" timestamp="2025-12-05T10:39:56 IST" skipped="0">
  <testcase classname="com.FW.HybirdDriven" name="test" time="2.132"/>
  <testcase classname="com.FW.HybirdDriven" name="test" time="0.115"/>
  <testcase classname="com.FW.HybirdDriven" name="test" time="2.069"/>
  <testcase classname="com.FW.HybirdDriven" name="test" time="4.792"/>
  <testcase classname="com.FW.HybirdDriven" name="test" time="2.197"/>
</testsuite> <!-- com.FW.HybirdDriven -->
