<?xml version="1.0" encoding="UTF-8"?>
<!-- Generated by org.testng.reporters.JUnitReportReporter -->
<testsuite hostname="DESKTOP-HNG5JPV" failures="0" tests="3" name="com.testng.TestNgWebdriver" time="6.299" errors="0" timestamp="2025-11-28T10:24:39 IST" skipped="0">
  <testcase classname="com.testng.TestNgWebdriver" name="EnterUsername" time="2.103"/>
  <testcase classname="com.testng.TestNgWebdriver" name="EnterPassword" time="2.073"/>
  <testcase classname="com.testng.TestNgWebdriver" name="ClickLogin" time="2.123"/>
</testsuite> <!-- com.testng.TestNgWebdriver -->
